<?xml version="1.0" encoding="UTF-8"?>
<!-- Generated by org.testng.reporters.JUnitXMLReporter -->
<testsuite hostname="Ashi-hp" name="Test" tests="1" failures="1" timestamp="23 Apr 2016 14:46:14 GMT" time="37.074" errors="0">
  <testcase name="switchWindows" time="18.761" classname="seleniumPractice.SwitchWindows">
    <failure type="org.openqa.selenium.WebDriverException" message="Element is not clickable at point (1281.8333740234375, 49). Other element would receive the click: &amp;lt;div class=&amp;quot;_1tz-RS&amp;quot; data-reactid=&amp;quot;7&amp;quot;&amp;gt;&amp;lt;/div&amp;gt;
Command duration or timeout: 165 milliseconds
Build info: version: &amp;apos;2.53.0&amp;apos;, revision: &amp;apos;35ae25b1534ae328c771e0856c93e187490ca824&amp;apos;, time: &amp;apos;2016-03-15 10:43:46&amp;apos;
System info: host: &amp;apos;Ashi-hp&amp;apos;, ip: &amp;apos;192.168.1.12&amp;apos;, os.name: &amp;apos;Windows 10&amp;apos;, os.arch: &amp;apos;amd64&amp;apos;, os.version: &amp;apos;10.0&amp;apos;, java.version: &amp;apos;1.8.0_73&amp;apos;
Driver info: org.openqa.selenium.firefox.FirefoxDriver
Capabilities [{applicationCacheEnabled=true, rotatable=false, handlesAlerts=true, databaseEnabled=true, version=45.0.2, platform=WINDOWS, nativeEvents=false, acceptSslCerts=true, webStorageEnabled=true, locationContextEnabled=true, browserName=firefox, takesScreenshot=true, javascriptEnabled=true, cssSelectorsEnabled=true}]
Session ID: 6a5280be-fd5b-4fe1-96d4-b595ff5e62c8">
      <![CDATA[org.openqa.selenium.WebDriverException: Element is not clickable at point (1281.8333740234375, 49). Other element would receive the click: <div class="_1tz-RS" data-reactid="7"></div>
Command duration or timeout: 165 milliseconds
Build info: version: '2.53.0', revision: '35ae25b1534ae328c771e0856c93e187490ca824', time: '2016-03-15 10:43:46'
System info: host: 'Ashi-hp', ip: '192.168.1.12', os.name: 'Windows 10', os.arch: 'amd64', os.version: '10.0', java.version: '1.8.0_73'
Driver info: org.openqa.selenium.firefox.FirefoxDriver
Capabilities [{applicationCacheEnabled=true, rotatable=false, handlesAlerts=true, databaseEnabled=true, version=45.0.2, platform=WINDOWS, nativeEvents=false, acceptSslCerts=true, webStorageEnabled=true, locationContextEnabled=true, browserName=firefox, takesScreenshot=true, javascriptEnabled=true, cssSelectorsEnabled=true}]
Session ID: 6a5280be-fd5b-4fe1-96d4-b595ff5e62c8
	at org.openqa.selenium.remote.ErrorHandler.createThrowable(ErrorHandler.java:206)
	at org.openqa.selenium.remote.ErrorHandler.throwIfResponseFailed(ErrorHandler.java:158)
	at org.openqa.selenium.remote.RemoteWebDriver.execute(RemoteWebDriver.java:678)
	at org.openqa.selenium.remote.RemoteWebElement.execute(RemoteWebElement.java:327)
	at org.openqa.selenium.remote.RemoteWebElement.click(RemoteWebElement.java:85)
	at seleniumPractice.SwitchWindows.switchWindows(SwitchWindows.java:73)
... Removed 28 stack frames]]>
    </failure>
  </testcase> <!-- switchWindows -->
</testsuite> <!-- Test -->
